<?xml version="1.0" encoding="UTF-8"?>
<!-- Generated by org.testng.reporters.JUnitReportReporter -->
<testsuite skipped="0" hostname="RajKumar" name="demologin.Try_2_Rock" tests="4" failures="0" timestamp="2022-07-14T21:20:57 IST" time="6.755" errors="0">
  <testcase name="login" time="2.636" classname="demologin.Try_2_Rock"/>
  <system-out/>
  <testcase name="login" time="1.823" classname="demologin.Try_2_Rock"/>
  <system-out/>
  <testcase name="login" time="0.428" classname="demologin.Try_2_Rock"/>
  <system-out/>
  <testcase name="login" time="1.868" classname="demologin.Try_2_Rock"/>
  <system-out/>
</testsuite> <!-- demologin.Try_2_Rock -->
