<?xml version="1.0" encoding="UTF-8"?>
<!-- Generated by org.testng.reporters.JUnitReportReporter -->
<testsuite skipped="0" hostname="RajKumar" name="demologin.Logintest_using_excelfile" tests="4" failures="0" timestamp="2022-07-15T13:09:17 IST" time="7.742" errors="0">
  <testcase name="login" time="1.835" classname="demologin.Logintest_using_excelfile"/>
  <system-out/>
  <testcase name="login" time="0.392" classname="demologin.Logintest_using_excelfile"/>
  <system-out/>
  <testcase name="login" time="3.271" classname="demologin.Logintest_using_excelfile"/>
  <system-out/>
  <testcase name="login" time="2.244" classname="demologin.Logintest_using_excelfile"/>
  <system-out/>
</testsuite> <!-- demologin.Logintest_using_excelfile -->
