<?xml version="1.0" encoding="UTF-8"?>
<!-- Generated by org.testng.reporters.JUnitReportReporter -->
<testsuite skipped="0" hostname="RajKumar" name="demologin.Logintest_using_array" tests="4" failures="0" timestamp="2022-07-18T13:20:24 IST" time="43.008" errors="0">
  <testcase name="launchbrowser" time="10.287" classname="demologin.Logintest_using_array"/>
  <system-out/>
  <testcase name="launchbrowser" time="10.490" classname="demologin.Logintest_using_array"/>
  <system-out/>
  <testcase name="launchbrowser" time="13.106" classname="demologin.Logintest_using_array"/>
  <system-out/>
  <testcase name="launchbrowser" time="9.125" classname="demologin.Logintest_using_array"/>
  <system-out/>
</testsuite> <!-- demologin.Logintest_using_array -->
