<?xml version="1.0" encoding="UTF-8"?>
<!-- Generated by org.testng.reporters.JUnitReportReporter -->
<testsuite skipped="0" hostname="RajKumar" name="demologin.Logintest_using_array" tests="4" failures="0" timestamp="2022-08-12T16:31:58 IST" time="54.816" errors="0">
  <testcase name="launchbrowser" time="10.831" classname="demologin.Logintest_using_array"/>
  <system-out/>
  <testcase name="launchbrowser" time="10.936" classname="demologin.Logintest_using_array"/>
  <system-out/>
  <testcase name="launchbrowser" time="23.755" classname="demologin.Logintest_using_array"/>
  <system-out/>
  <testcase name="launchbrowser" time="9.294" classname="demologin.Logintest_using_array"/>
  <system-out/>
</testsuite> <!-- demologin.Logintest_using_array -->
